<?xml version="1.0" encoding="UTF-8"?>
<robot generator="Robot 3.0.2 (Python 3.6.8 on linux)" generated="20210323 13:21:07.832">
<suite id="s1" name="addCart" source="/home/nitish/PycharmProjects/newProject/westwingnow/Tests/addCart.robot">
<test id="s1-t1" name="Test to Add and Delete product from Wishlist">
<kw name="Navigate to Westwing Browser" library="westwingBrowser">
<arguments>
<arg>firefox</arg>
</arguments>
<kw name="Open Browser" library="SeleniumLibrary">
<doc>Opens a new browser instance to the given ``url``.</doc>
<arguments>
<arg>${westwing_url}</arg>
<arg>${web_browser}</arg>
</arguments>
<msg timestamp="20210323 13:21:08.034" level="INFO">Opening browser 'firefox' to base url 'https://www.westwingnow.de/'.</msg>
<status status="PASS" starttime="20210323 13:21:08.033" endtime="20210323 13:21:21.314"></status>
</kw>
<status status="PASS" starttime="20210323 13:21:08.032" endtime="20210323 13:21:21.314"></status>
</kw>
<kw name="Sleep" library="BuiltIn">
<doc>Pauses the test executed for the given time.</doc>
<arguments>
<arg>7s</arg>
</arguments>
<msg timestamp="20210323 13:21:28.318" level="INFO">Slept 7 seconds</msg>
<status status="PASS" starttime="20210323 13:21:21.315" endtime="20210323 13:21:28.318"></status>
</kw>
<kw name="Get Text" library="SeleniumLibrary">
<doc>Returns the text value of element identified by ``locator``.</doc>
<arguments>
<arg>${consent_element}</arg>
</arguments>
<assign>
<var>${consent_cookies}</var>
</assign>
<msg timestamp="20210323 13:21:28.379" level="INFO">${consent_cookies} = Cookies akzeptieren</msg>
<status status="PASS" starttime="20210323 13:21:28.319" endtime="20210323 13:21:28.379"></status>
</kw>
<kw name="Log To Console" library="BuiltIn">
<doc>Logs the given message to the console.</doc>
<arguments>
<arg>The element is ${consent_cookies}</arg>
</arguments>
<status status="PASS" starttime="20210323 13:21:28.380" endtime="20210323 13:21:28.381"></status>
</kw>
<kw name="Run Keyword If" library="BuiltIn">
<doc>Runs the given keyword with the given arguments, if ``condition`` is true.</doc>
<arguments>
<arg>'${consent_cookies}'=='Cookies akzeptieren'</arg>
<arg>click button</arg>
<arg>${consent_element}</arg>
</arguments>
<kw name="Click Button" library="SeleniumLibrary">
<doc>Clicks button identified by ``locator``.</doc>
<arguments>
<arg>${consent_element}</arg>
</arguments>
<msg timestamp="20210323 13:21:28.384" level="INFO">Clicking button '//*[@id="onetrust-accept-btn-handler"]'.</msg>
<status status="PASS" starttime="20210323 13:21:28.382" endtime="20210323 13:21:28.814"></status>
</kw>
<status status="PASS" starttime="20210323 13:21:28.381" endtime="20210323 13:21:28.814"></status>
</kw>
<kw name="Wait Until Element Is Visible" library="SeleniumLibrary">
<doc>Waits until element ``locator`` is visible.</doc>
<arguments>
<arg>${Möbel}</arg>
</arguments>
<status status="PASS" starttime="20210323 13:21:28.815" endtime="20210323 13:21:29.147"></status>
</kw>
<kw name="Click Element" library="SeleniumLibrary">
<doc>Click element identified by ``locator``.</doc>
<arguments>
<arg>${Möbel}</arg>
</arguments>
<msg timestamp="20210323 13:21:29.148" level="INFO">Clicking element '//span[text()='Möbel']'.</msg>
<status status="PASS" starttime="20210323 13:21:29.147" endtime="20210323 13:21:29.755"></status>
</kw>
<kw name="Sleep" library="BuiltIn">
<doc>Pauses the test executed for the given time.</doc>
<arguments>
<arg>4s</arg>
</arguments>
<msg timestamp="20210323 13:21:33.757" level="INFO">Slept 4 seconds</msg>
<status status="PASS" starttime="20210323 13:21:29.757" endtime="20210323 13:21:33.758"></status>
</kw>
<kw name="Login to westwing" library="loginWestwing">
<arguments>
<arg>nitishchandrapatil@gmail.com</arg>
<arg>Patil@02</arg>
</arguments>
<kw name="Sleep" library="BuiltIn">
<doc>Pauses the test executed for the given time.</doc>
<arguments>
<arg>3s</arg>
</arguments>
<msg timestamp="20210323 13:21:36.761" level="INFO">Slept 3 seconds</msg>
<status status="PASS" starttime="20210323 13:21:33.759" endtime="20210323 13:21:36.761"></status>
</kw>
<kw name="Input Text" library="SeleniumLibrary">
<doc>Types the given ``text`` into text field identified by ``locator``.</doc>
<arguments>
<arg>${email_address}</arg>
<arg>${userName}</arg>
</arguments>
<msg timestamp="20210323 13:21:36.762" level="INFO">Typing text 'nitishchandrapatil@gmail.com' into text field '//input[@placeholder='E-Mail Adresse']'.</msg>
<status status="PASS" starttime="20210323 13:21:36.761" endtime="20210323 13:21:37.006"></status>
</kw>
<kw name="Input Text" library="SeleniumLibrary">
<doc>Types the given ``text`` into text field identified by ``locator``.</doc>
<arguments>
<arg>${password_locator}</arg>
<arg>${password}</arg>
</arguments>
<msg timestamp="20210323 13:21:37.007" level="INFO">Typing text 'Patil@02' into text field '//input[@placeholder='Passwort (mind. 6 Zeichen)']'.</msg>
<status status="PASS" starttime="20210323 13:21:37.006" endtime="20210323 13:21:37.141"></status>
</kw>
<kw name="Sleep" library="BuiltIn">
<doc>Pauses the test executed for the given time.</doc>
<arguments>
<arg>3s</arg>
</arguments>
<msg timestamp="20210323 13:21:40.143" level="INFO">Slept 3 seconds</msg>
<status status="PASS" starttime="20210323 13:21:37.142" endtime="20210323 13:21:40.143"></status>
</kw>
<kw name="Click Element" library="SeleniumLibrary">
<doc>Click element identified by ``locator``.</doc>
<arguments>
<arg>${consent_checkbox}</arg>
</arguments>
<msg timestamp="20210323 13:21:40.144" level="INFO">Clicking element '//input[@name='isClubNewsletterSubscribed']'.</msg>
<status status="PASS" starttime="20210323 13:21:40.143" endtime="20210323 13:21:40.436"></status>
</kw>
<kw name="Click Element" library="SeleniumLibrary">
<doc>Click element identified by ``locator``.</doc>
<arguments>
<arg>${loginButton}</arg>
</arguments>
<msg timestamp="20210323 13:21:40.438" level="INFO">Clicking element '//button[@type='submit']'.</msg>
<status status="PASS" starttime="20210323 13:21:40.437" endtime="20210323 13:21:40.763"></status>
</kw>
<status status="PASS" starttime="20210323 13:21:33.758" endtime="20210323 13:21:40.764"></status>
</kw>
<kw name="Select Product to Wishlist" library="manageWishlists">
<kw name="Sleep" library="BuiltIn">
<doc>Pauses the test executed for the given time.</doc>
<arguments>
<arg>3s</arg>
</arguments>
<msg timestamp="20210323 13:21:43.769" level="INFO">Slept 3 seconds</msg>
<status status="PASS" starttime="20210323 13:21:40.768" endtime="20210323 13:21:43.770"></status>
</kw>
<kw name="Click Element" library="SeleniumLibrary">
<doc>Click element identified by ``locator``.</doc>
<arguments>
<arg>${add_wishlist}</arg>
</arguments>
<msg timestamp="20210323 13:21:43.771" level="INFO">Clicking element '//div[text()='Modulares Ecksofa Lennon in Beige']/parent::div/parent::div/div[@class='BadgesGrid__BadgesGridLayout-kqvz9j-0 dimkmn GenericProductBadges__ProductBadgesGrid-z1yx94-0 bSrkAe']/div[2]'.</msg>
<status status="PASS" starttime="20210323 13:21:43.770" endtime="20210323 13:21:44.277"></status>
</kw>
<status status="PASS" starttime="20210323 13:21:40.766" endtime="20210323 13:21:44.278"></status>
</kw>
<kw name="Delete Product from Wishlist" library="manageWishlists">
<kw name="Wait Until Element Is Visible" library="SeleniumLibrary">
<doc>Waits until element ``locator`` is visible.</doc>
<arguments>
<arg>${Wunschliste}</arg>
</arguments>
<status status="PASS" starttime="20210323 13:21:44.279" endtime="20210323 13:21:44.313"></status>
</kw>
<kw name="Run Keyword And Return Status" library="BuiltIn">
<doc>Runs the given keyword with given arguments and returns the status as a Boolean value.</doc>
<arguments>
<arg>Element Should Be Visible</arg>
<arg>${Wunschliste_counter}</arg>
</arguments>
<assign>
<var>${verify_counter}</var>
</assign>
<kw name="Element Should Be Visible" library="SeleniumLibrary">
<doc>Verifies that the element identified by ``locator`` is visible.</doc>
<arguments>
<arg>${Wunschliste_counter}</arg>
</arguments>
<msg timestamp="20210323 13:21:44.375" level="INFO">Element '//span[@data-testid='wishlist-counter']' is displayed.</msg>
<status status="PASS" starttime="20210323 13:21:44.318" endtime="20210323 13:21:44.375"></status>
</kw>
<msg timestamp="20210323 13:21:44.376" level="INFO">${verify_counter} = True</msg>
<status status="PASS" starttime="20210323 13:21:44.317" endtime="20210323 13:21:44.376"></status>
</kw>
<kw name="Run Keyword If" library="BuiltIn">
<doc>Runs the given keyword with the given arguments, if ``condition`` is true.</doc>
<arguments>
<arg>${verify_counter}</arg>
<arg>click element</arg>
<arg>${Wunschliste_counter}</arg>
</arguments>
<kw name="Click Element" library="SeleniumLibrary">
<doc>Click element identified by ``locator``.</doc>
<arguments>
<arg>${Wunschliste_counter}</arg>
</arguments>
<msg timestamp="20210323 13:21:44.378" level="INFO">Clicking element '//span[@data-testid='wishlist-counter']'.</msg>
<status status="PASS" starttime="20210323 13:21:44.377" endtime="20210323 13:21:50.659"></status>
</kw>
<status status="PASS" starttime="20210323 13:21:44.376" endtime="20210323 13:21:50.659"></status>
</kw>
<kw name="Sleep" library="BuiltIn">
<doc>Pauses the test executed for the given time.</doc>
<arguments>
<arg>3s</arg>
</arguments>
<msg timestamp="20210323 13:21:53.661" level="INFO">Slept 3 seconds</msg>
<status status="PASS" starttime="20210323 13:21:50.660" endtime="20210323 13:21:53.661"></status>
</kw>
<kw name="Click Element" library="SeleniumLibrary">
<doc>Click element identified by ``locator``.</doc>
<arguments>
<arg>${delete_product}</arg>
</arguments>
<msg timestamp="20210323 13:21:53.662" level="INFO">Clicking element '//button[@class='blockListProduct__delete qaBlockListProduct__delete']'.</msg>
<status status="PASS" starttime="20210323 13:21:53.662" endtime="20210323 13:21:54.043"></status>
</kw>
<status status="PASS" starttime="20210323 13:21:44.278" endtime="20210323 13:21:54.043"></status>
</kw>
<kw name="Verify Product Deletion from Wishlist" library="manageWishlists">
<kw name="Sleep" library="BuiltIn">
<doc>Pauses the test executed for the given time.</doc>
<arguments>
<arg>3s</arg>
</arguments>
<msg timestamp="20210323 13:21:57.058" level="INFO">Slept 3 seconds</msg>
<status status="PASS" starttime="20210323 13:21:54.044" endtime="20210323 13:21:57.058"></status>
</kw>
<kw name="Get Text" library="SeleniumLibrary">
<doc>Returns the text value of element identified by ``locator``.</doc>
<arguments>
<arg>${verify_wishlist_removal}</arg>
</arguments>
<assign>
<var>${wishlist_removal}</var>
</assign>
<msg timestamp="20210323 13:21:57.080" level="INFO">${wishlist_removal} = Die Wunschliste ist momentan leer</msg>
<status status="PASS" starttime="20210323 13:21:57.059" endtime="20210323 13:21:57.080"></status>
</kw>
<kw name="Run Keyword If" library="BuiltIn">
<doc>Runs the given keyword with the given arguments, if ``condition`` is true.</doc>
<arguments>
<arg>'${wishlist_removal}' =='Die Wunschliste ist momentan leer'</arg>
<arg>log to console</arg>
<arg>Product removal is successful</arg>
</arguments>
<kw name="Log To Console" library="BuiltIn">
<doc>Logs the given message to the console.</doc>
<arguments>
<arg>Product removal is successful</arg>
</arguments>
<status status="PASS" starttime="20210323 13:21:57.081" endtime="20210323 13:21:57.081"></status>
</kw>
<status status="PASS" starttime="20210323 13:21:57.080" endtime="20210323 13:21:57.081"></status>
</kw>
<status status="PASS" starttime="20210323 13:21:54.044" endtime="20210323 13:21:57.082"></status>
</kw>
<status status="PASS" starttime="20210323 13:21:08.030" endtime="20210323 13:21:57.082" critical="yes"></status>
</test>
<doc>An eCommerce Test to add and delete the product from the wishlist from Westwing website</doc>
<status status="PASS" starttime="20210323 13:21:07.833" endtime="20210323 13:21:57.083"></status>
</suite>
<statistics>
<total>
<stat pass="1" fail="0">Critical tests</stat>
<stat pass="1" fail="0">All tests</stat>
</total>
<tag>
</tag>
<suite>
<stat pass="1" fail="0" id="s1" name="addCart">addCart</stat>
</suite>
</statistics>
<errors>
</errors>
</robot>
